<?xml version="1.0" encoding="UTF-8"?>
<!-- Generated by org.testng.reporters.JUnitReportReporter -->
<testsuite hostname="thunder-Bird" failures="0" tests="1" name="KiteTest.Test_class" time="3.818" errors="0" timestamp="2022-09-03T23:28:21 IST" skipped="0">
  <testcase classname="KiteTest.Test_class" name="verifyuserID" time="3.818"/>
  <system-out>
    <![CDATA[running verify user id]]>
  </system-out>
</testsuite> <!-- KiteTest.Test_class -->
